*** Error 18 "E:\Git_repositories\CCS_PIC\blinkled\blinkled.h" Line 1(9,20): File can not be opened
    Not in "C:\Program Files\PICC\Devices\16F877A.h"
    Not in "C:\Program Files\PICC\Drivers\16F877A.h"
    Not in "E:\Git_repositories\CCS_PIC\blinkled\16F877A.h"
    Not in "E:\Git_repositories\CCS_PIC\blinkled\1wire\16F877A.h"
    Not in "E:\Git_repositories\CCS_PIC\blinkled\24cxx\16F877A.h"
    Not in "E:\Git_repositories\CCS_PIC\blinkled\control\16F877A.h"
    Not in "E:\Git_repositories\CCS_PIC\blinkled\ds1307\16F877A.h"
    Not in "E:\Git_repositories\CCS_PIC\blinkled\ds18b20\16F877A.h"
    Not in "E:\Git_repositories\CCS_PIC\blinkled\hc595\16F877A.h"
    Not in "E:\Git_repositories\CCS_PIC\blinkled\key3x3\16F877A.h"
    Not in "E:\Git_repositories\CCS_PIC\blinkled\lcd16x2\16F877A.h"
    Not in "E:\Git_repositories\CCS_PIC\blinkled\led7\16F877A.h"
    Not in "E:\Git_repositories\CCS_PIC\blinkled\ls138\16F877A.h"
    Not in "E:\Git_repositories\CCS_PIC\blinkled\matrix\16F877A.h"
    Not in "E:\Git_repositories\CCS_PIC\blinkled\pcf8563\16F877A.h"
    Not in local "16F877A.h"
    Not in local "E:\Git_repositories\CCS_PIC\blinkled\16F877A.h"
    Not in last "E:\Git_repositories\CCS_PIC\blinkled\16F877A.h"
    Not in project "E:\Git_repositories\CCS_PIC\blinkled\16F877A.h"
*** Error 128 "E:\Git_repositories\CCS_PIC\blinkled\blinkled.h" Line 2(9,15): A #DEVICE required before this line
*** Error 128 "E:\Git_repositories\CCS_PIC\blinkled\blinkled.h" Line 4(7,50): A #DEVICE required before this line
*** Error 128 "E:\Git_repositories\CCS_PIC\blinkled\blinkled.h" Line 5(7,91): A #DEVICE required before this line
*** Error 99 "E:\Git_repositories\CCS_PIC\blinkled\blinkled.h" Line 7(5,29): Option invalid   Invalid Combination
*** Error 18 "blinkled.c" Line 3(10,19): File can not be opened
    Not in "C:\Program Files\PICC\Devices\stdio.h"
    Not in "C:\Program Files\PICC\Drivers\stdio.h"
    Not in "E:\Git_repositories\CCS_PIC\blinkled\stdio.h"
    Not in "E:\Git_repositories\CCS_PIC\blinkled\1wire\stdio.h"
    Not in "E:\Git_repositories\CCS_PIC\blinkled\24cxx\stdio.h"
    Not in "E:\Git_repositories\CCS_PIC\blinkled\control\stdio.h"
    Not in "E:\Git_repositories\CCS_PIC\blinkled\ds1307\stdio.h"
    Not in "E:\Git_repositories\CCS_PIC\blinkled\ds18b20\stdio.h"
    Not in "E:\Git_repositories\CCS_PIC\blinkled\hc595\stdio.h"
    Not in "E:\Git_repositories\CCS_PIC\blinkled\key3x3\stdio.h"
    Not in "E:\Git_repositories\CCS_PIC\blinkled\lcd16x2\stdio.h"
    Not in "E:\Git_repositories\CCS_PIC\blinkled\led7\stdio.h"
    Not in "E:\Git_repositories\CCS_PIC\blinkled\ls138\stdio.h"
    Not in "E:\Git_repositories\CCS_PIC\blinkled\matrix\stdio.h"
    Not in "E:\Git_repositories\CCS_PIC\blinkled\pcf8563\stdio.h"
    Not in local "stdio.h"
    Not in local "E:\Git_repositories\CCS_PIC\blinkled\stdio.h"
    Not in last "E:\Git_repositories\CCS_PIC\blinkled\stdio.h"
    Not in project "E:\Git_repositories\CCS_PIC\blinkled\stdio.h"
*** Error 18 "E:\Git_repositories\CCS_PIC\blinkled\blinkled.h" Line 1(9,20): File can not be opened
    Not in "C:\Program Files\PICC\Devices\16F877A.h"
    Not in "C:\Program Files\PICC\Drivers\16F877A.h"
    Not in "E:\Git_repositories\CCS_PIC\blinkled\16F877A.h"
    Not in "E:\Git_repositories\CCS_PIC\blinkled\1wire\16F877A.h"
    Not in "E:\Git_repositories\CCS_PIC\blinkled\24cxx\16F877A.h"
    Not in "E:\Git_repositories\CCS_PIC\blinkled\control\16F877A.h"
    Not in "E:\Git_repositories\CCS_PIC\blinkled\ds1307\16F877A.h"
    Not in "E:\Git_repositories\CCS_PIC\blinkled\ds18b20\16F877A.h"
    Not in "E:\Git_repositories\CCS_PIC\blinkled\hc595\16F877A.h"
    Not in "E:\Git_repositories\CCS_PIC\blinkled\key3x3\16F877A.h"
    Not in "E:\Git_repositories\CCS_PIC\blinkled\lcd16x2\16F877A.h"
    Not in "E:\Git_repositories\CCS_PIC\blinkled\led7\16F877A.h"
    Not in "E:\Git_repositories\CCS_PIC\blinkled\ls138\16F877A.h"
    Not in "E:\Git_repositories\CCS_PIC\blinkled\matrix\16F877A.h"
    Not in "E:\Git_repositories\CCS_PIC\blinkled\pcf8563\16F877A.h"
    Not in local "16F877A.h"
    Not in local "E:\Git_repositories\CCS_PIC\blinkled\16F877A.h"
    Not in last "E:\Git_repositories\CCS_PIC\blinkled\16F877A.h"
    Not in project "E:\Git_repositories\CCS_PIC\blinkled\16F877A.h"
*** Error 23 "E:\Git_repositories\CCS_PIC\blinkled\blinkled.h" Line 2(8,9): Can not set this option this far into the code
*** Error 128 "E:\Git_repositories\CCS_PIC\blinkled\blinkled.h" Line 2(2,8): A #DEVICE required before this line
*** Error 48 "E:\Git_repositories\CCS_PIC\blinkled\blinkled.h" Line 2(9,12): Expecting a (
      10 Errors,  0 Warnings.
Build Failed.
